<?xml version="1.0" encoding="UTF-8"?>
<!-- Generated by org.testng.reporters.JUnitReportReporter -->
<testsuite hostname="LAPTOP-TU3TK1JK" failures="0" tests="1" name="myDemos1.MYTest" time="8.371" errors="0" timestamp="2022-11-03T15:13:24 IST" skipped="0">
  <testcase classname="myDemos1.MYTest" name="Search" time="8.371"/>
  <system-out>
    <![CDATA[Ebay Search test is successfull....]]>
  </system-out>
</testsuite> <!-- myDemos1.MYTest -->
