<?xml version="1.0" encoding="UTF-8"?>
<!-- Generated by org.testng.reporters.JUnitReportReporter -->
<testsuite hostname="LAPTOP-TU3TK1JK" failures="0" tests="1" name="pomTests.EbayProdCatSearch" time="12.106" errors="0" timestamp="2022-09-29T09:58:18 IST" skipped="0">
  <testcase classname="pomTests.EbayProdCatSearch" name="CategorySearch" time="12.106"/>
  <system-out>
    <![CDATA[ebay product category search is successfull....]]>
  </system-out>
</testsuite> <!-- pomTests.EbayProdCatSearch -->
