<?xml version="1.0" encoding="UTF-8"?>
<!-- Generated by org.testng.reporters.JUnitReportReporter -->
<testsuite hostname="LAPTOP-TU3TK1JK" failures="0" tests="1" name="MyDemos.MyTest" time="8.397" errors="0" timestamp="2022-11-03T15:02:33 IST" skipped="0">
  <testcase classname="MyDemos.MyTest" name="Search" time="8.397"/>
  <system-out>
    <![CDATA[Ebay Search test is successfull....]]>
  </system-out>
</testsuite> <!-- MyDemos.MyTest -->
