<?xml version="1.0" encoding="UTF-8"?>
<!-- Generated by org.testng.reporters.JUnitReportReporter -->
<testsuite hostname="LAPTOP-TU3TK1JK" failures="0" tests="2" name="hybridDemos.hybidEbayProdCatSearch" time="50.392" errors="0" timestamp="2022-11-05T22:01:57 IST" skipped="0">
  <testcase classname="hybridDemos.hybidEbayProdCatSearch" name="CatSearch" time="16.642"/>
  <system-out/>
  <testcase classname="hybridDemos.hybidEbayProdCatSearch" name="CatSearch" time="33.750"/>
  <system-out/>
</testsuite> <!-- hybridDemos.hybidEbayProdCatSearch -->
