<?xml version="1.0" encoding="UTF-8"?>
<!-- Generated by org.testng.reporters.JUnitReportReporter -->
<testsuite hostname="LAPTOP-TU3TK1JK" failures="0" tests="1" name="pomTests.POMebayprodcatsSearch" time="17.503" errors="0" timestamp="2022-09-29T11:34:19 IST" skipped="0">
  <testcase classname="pomTests.POMebayprodcatsSearch" name="catSearch" time="17.503"/>
  <system-out>
    <![CDATA[ebay product category search is successfull....]]>
  </system-out>
</testsuite> <!-- pomTests.POMebayprodcatsSearch -->
