<?xml version="1.0" encoding="UTF-8"?>
<!-- Generated by org.testng.reporters.JUnitReportReporter -->
<testsuite hostname="LAPTOP-TU3TK1JK" failures="0" tests="1" name="pomTests.pomEbayProdSearch" time="10.674" errors="0" timestamp="2022-11-05T21:51:44 IST" skipped="0">
  <testcase classname="pomTests.pomEbayProdSearch" name="productSearch" time="10.674"/>
  <system-out>
    <![CDATA[Ebay product search is successful...]]>
  </system-out>
</testsuite> <!-- pomTests.pomEbayProdSearch -->
