<?xml version="1.0" encoding="UTF-8"?>
<!-- Generated by org.testng.reporters.JUnitReportReporter -->
<testsuite hostname="LAPTOP-TU3TK1JK" failures="0" tests="1" name="pomTests.pomEbayProdCatSearch" time="32.698" errors="0" timestamp="2022-11-05T22:00:04 IST" skipped="0">
  <testcase classname="pomTests.pomEbayProdCatSearch" name="CatSearch" time="32.698"/>
  <system-out>
    <![CDATA[Ebay cat search is successfull]]>
  </system-out>
</testsuite> <!-- pomTests.pomEbayProdCatSearch -->
