<?xml version="1.0" encoding="UTF-8"?>
<!-- Generated by org.testng.reporters.JUnitReportReporter -->
<testsuite hostname="LAPTOP-TU3TK1JK" failures="0" tests="2" name="ddfDemos.ddfEbayProdSearch" time="101.182" errors="0" timestamp="2022-11-05T21:32:18 IST" skipped="0">
  <testcase classname="ddfDemos.ddfEbayProdSearch" name="prodSearch" time="73.082"/>
  <system-out>
    <![CDATA[ebay product search is successfull...]]>
  </system-out>
  <testcase classname="ddfDemos.ddfEbayProdSearch" name="prodSearch" time="28.100"/>
  <system-out>
    <![CDATA[ebay product search is successfull...]]>
  </system-out>
</testsuite> <!-- ddfDemos.ddfEbayProdSearch -->
