<?xml version="1.0" encoding="UTF-8"?>
<!-- Generated by org.testng.reporters.JUnitReportReporter -->
<testsuite hostname="LAPTOP-TU3TK1JK" failures="0" tests="2" name="hybridDemos.hybridEbayProdsSearch" time="38.931" errors="0" timestamp="2022-11-05T22:03:30 IST" skipped="0">
  <testcase classname="hybridDemos.hybridEbayProdsSearch" name="productSearch" time="17.225"/>
  <system-out>
    <![CDATA[Ebay product search is successfull...]]>
  </system-out>
  <testcase classname="hybridDemos.hybridEbayProdsSearch" name="productSearch" time="21.706"/>
  <system-out>
    <![CDATA[Ebay product search is successfull...]]>
  </system-out>
</testsuite> <!-- hybridDemos.hybridEbayProdsSearch -->
